This is pdfTeX, Version 3.141592653-2.6-1.40.25 (MiKTeX 24.1) (preloaded format=pdflatex 2024.9.11)  11 SEP 2024 13:51
entering extended mode
 restricted \write18 enabled.
 %&-line parsing enabled.
**"C:/Users/jonas.vandewalle/OneDrive - Scholengroep Sint-Rembert vzw/Documente
n/IW_Teams/media/P5_project2_E-ras.tex"

(C:/Users/jonas.vandewalle/OneDrive - Scholengroep Sint-Rembert vzw/Documenten/
IW_Teams/media/P5_project2_E-ras.tex
LaTeX2e <2023-11-01> patch level 1
L3 programming layer <2024-01-04>
(C:\Program Files\MiKTeX\tex/latex/standalone\standalone.cls
Document Class: standalone 2022/10/10 v1.3b Class to compile TeX sub-files stan
dalone
(C:\Program Files\MiKTeX\tex/latex/tools\shellesc.sty
Package: shellesc 2023/07/08 v1.0d unified shell escape interface for LaTeX
Package shellesc Info: Restricted shell escape enabled on input line 77.
)
(C:\Program Files\MiKTeX\tex/generic/iftex\ifluatex.sty
Package: ifluatex 2019/10/25 v1.5 ifluatex legacy package. Use iftex instead.

(C:\Program Files\MiKTeX\tex/generic/iftex\iftex.sty
Package: iftex 2022/02/03 v1.0f TeX engine tests
))
(C:\Program Files\MiKTeX\tex/latex/xkeyval\xkeyval.sty
Package: xkeyval 2022/06/16 v2.9 package option processing (HA)

(C:\Program Files\MiKTeX\tex/generic/xkeyval\xkeyval.tex
(C:\Program Files\MiKTeX\tex/generic/xkeyval\xkvutils.tex
\XKV@toks=\toks17
\XKV@tempa@toks=\toks18

(C:\Program Files\MiKTeX\tex/generic/xkeyval\keyval.tex))
\XKV@depth=\count187
File: xkeyval.tex 2014/12/03 v2.7a key=value parser (HA)
))
\sa@internal=\count188
\c@sapage=\count189

(C:\Program Files\MiKTeX\tex/latex/standalone\standalone.cfg
File: standalone.cfg 2022/10/10 v1.3b Default configuration file for 'standalon
e' class
)
(C:\Program Files\MiKTeX\tex/latex/base\article.cls
Document Class: article 2023/05/17 v1.4n Standard LaTeX document class
(C:\Program Files\MiKTeX\tex/latex/base\size10.clo
File: size10.clo 2023/05/17 v1.4n Standard LaTeX file (size option)
)
\c@part=\count190
\c@section=\count191
\c@subsection=\count192
\c@subsubsection=\count193
\c@paragraph=\count194
\c@subparagraph=\count195
\c@figure=\count196
\c@table=\count197
\abovecaptionskip=\skip48
\belowcaptionskip=\skip49
\bibindent=\dimen140
)
(C:\Program Files\MiKTeX\tex/latex/pgf/frontendlayer\tikz.sty
(C:\Program Files\MiKTeX\tex/latex/pgf/basiclayer\pgf.sty
(C:\Program Files\MiKTeX\tex/latex/pgf/utilities\pgfrcs.sty
(C:\Program Files\MiKTeX\tex/generic/pgf/utilities\pgfutil-common.tex
\pgfutil@everybye=\toks19
\pgfutil@tempdima=\dimen141
\pgfutil@tempdimb=\dimen142
)
(C:\Program Files\MiKTeX\tex/generic/pgf/utilities\pgfutil-latex.def
\pgfutil@abb=\box51
)
(C:\Program Files\MiKTeX\tex/generic/pgf/utilities\pgfrcs.code.tex
(C:\Program Files\MiKTeX\tex/generic/pgf\pgf.revision.tex)
Package: pgfrcs 2023-01-15 v3.1.10 (3.1.10)
))
Package: pgf 2023-01-15 v3.1.10 (3.1.10)

(C:\Program Files\MiKTeX\tex/latex/pgf/basiclayer\pgfcore.sty
(C:\Program Files\MiKTeX\tex/latex/graphics\graphicx.sty
Package: graphicx 2021/09/16 v1.2d Enhanced LaTeX Graphics (DPC,SPQR)

(C:\Program Files\MiKTeX\tex/latex/graphics\graphics.sty
Package: graphics 2022/03/10 v1.4e Standard LaTeX Graphics (DPC,SPQR)

(C:\Program Files\MiKTeX\tex/latex/graphics\trig.sty
Package: trig 2021/08/11 v1.11 sin cos tan (DPC)
)
(C:\Program Files\MiKTeX\tex/latex/graphics-cfg\graphics.cfg
File: graphics.cfg 2016/06/04 v1.11 sample graphics configuration
)
Package graphics Info: Driver file: pdftex.def on input line 107.

(C:\Program Files\MiKTeX\tex/latex/graphics-def\pdftex.def
File: pdftex.def 2022/09/22 v1.2b Graphics/color driver for pdftex
))
\Gin@req@height=\dimen143
\Gin@req@width=\dimen144
)
(C:\Program Files\MiKTeX\tex/latex/pgf/systemlayer\pgfsys.sty
(C:\Program Files\MiKTeX\tex/generic/pgf/systemlayer\pgfsys.code.tex
Package: pgfsys 2023-01-15 v3.1.10 (3.1.10)

(C:\Program Files\MiKTeX\tex/generic/pgf/utilities\pgfkeys.code.tex
\pgfkeys@pathtoks=\toks20
\pgfkeys@temptoks=\toks21

(C:\Program Files\MiKTeX\tex/generic/pgf/utilities\pgfkeyslibraryfiltered.code.
tex
\pgfkeys@tmptoks=\toks22
))
\pgf@x=\dimen145
\pgf@y=\dimen146
\pgf@xa=\dimen147
\pgf@ya=\dimen148
\pgf@xb=\dimen149
\pgf@yb=\dimen150
\pgf@xc=\dimen151
\pgf@yc=\dimen152
\pgf@xd=\dimen153
\pgf@yd=\dimen154
\w@pgf@writea=\write3
\r@pgf@reada=\read2
\c@pgf@counta=\count198
\c@pgf@countb=\count199
\c@pgf@countc=\count266
\c@pgf@countd=\count267
\t@pgf@toka=\toks23
\t@pgf@tokb=\toks24
\t@pgf@tokc=\toks25
\pgf@sys@id@count=\count268
 (C:\Program Files\MiKTeX\tex/generic/pgf/systemlayer\pgf.cfg
File: pgf.cfg 2023-01-15 v3.1.10 (3.1.10)
)
Driver file for pgf: pgfsys-pdftex.def

(C:\Program Files\MiKTeX\tex/generic/pgf/systemlayer\pgfsys-pdftex.def
File: pgfsys-pdftex.def 2023-01-15 v3.1.10 (3.1.10)

(C:\Program Files\MiKTeX\tex/generic/pgf/systemlayer\pgfsys-common-pdf.def
File: pgfsys-common-pdf.def 2023-01-15 v3.1.10 (3.1.10)
)))
(C:\Program Files\MiKTeX\tex/generic/pgf/systemlayer\pgfsyssoftpath.code.tex
File: pgfsyssoftpath.code.tex 2023-01-15 v3.1.10 (3.1.10)
\pgfsyssoftpath@smallbuffer@items=\count269
\pgfsyssoftpath@bigbuffer@items=\count270
)
(C:\Program Files\MiKTeX\tex/generic/pgf/systemlayer\pgfsysprotocol.code.tex
File: pgfsysprotocol.code.tex 2023-01-15 v3.1.10 (3.1.10)
))
(C:\Program Files\MiKTeX\tex/latex/xcolor\xcolor.sty
Package: xcolor 2023/11/15 v3.01 LaTeX color extensions (UK)

(C:\Program Files\MiKTeX\tex/latex/graphics-cfg\color.cfg
File: color.cfg 2016/01/02 v1.6 sample color configuration
)
Package xcolor Info: Driver file: pdftex.def on input line 274.

(C:\Program Files\MiKTeX\tex/latex/graphics\mathcolor.ltx)
Package xcolor Info: Model `cmy' substituted by `cmy0' on input line 1350.
Package xcolor Info: Model `hsb' substituted by `rgb' on input line 1354.
Package xcolor Info: Model `RGB' extended on input line 1366.
Package xcolor Info: Model `HTML' substituted by `rgb' on input line 1368.
Package xcolor Info: Model `Hsb' substituted by `hsb' on input line 1369.
Package xcolor Info: Model `tHsb' substituted by `hsb' on input line 1370.
Package xcolor Info: Model `HSB' substituted by `hsb' on input line 1371.
Package xcolor Info: Model `Gray' substituted by `gray' on input line 1372.
Package xcolor Info: Model `wave' substituted by `hsb' on input line 1373.
)
(C:\Program Files\MiKTeX\tex/generic/pgf/basiclayer\pgfcore.code.tex
Package: pgfcore 2023-01-15 v3.1.10 (3.1.10)

(C:\Program Files\MiKTeX\tex/generic/pgf/math\pgfmath.code.tex
(C:\Program Files\MiKTeX\tex/generic/pgf/math\pgfmathutil.code.tex)
(C:\Program Files\MiKTeX\tex/generic/pgf/math\pgfmathparser.code.tex
\pgfmath@dimen=\dimen155
\pgfmath@count=\count271
\pgfmath@box=\box52
\pgfmath@toks=\toks26
\pgfmath@stack@operand=\toks27
\pgfmath@stack@operation=\toks28
)
(C:\Program Files\MiKTeX\tex/generic/pgf/math\pgfmathfunctions.code.tex)
(C:\Program Files\MiKTeX\tex/generic/pgf/math\pgfmathfunctions.basic.code.tex)
(C:\Program Files\MiKTeX\tex/generic/pgf/math\pgfmathfunctions.trigonometric.co
de.tex)
(C:\Program Files\MiKTeX\tex/generic/pgf/math\pgfmathfunctions.random.code.tex)

(C:\Program Files\MiKTeX\tex/generic/pgf/math\pgfmathfunctions.comparison.code.
tex)
(C:\Program Files\MiKTeX\tex/generic/pgf/math\pgfmathfunctions.base.code.tex)
(C:\Program Files\MiKTeX\tex/generic/pgf/math\pgfmathfunctions.round.code.tex)
(C:\Program Files\MiKTeX\tex/generic/pgf/math\pgfmathfunctions.misc.code.tex)
(C:\Program Files\MiKTeX\tex/generic/pgf/math\pgfmathfunctions.integerarithmeti
cs.code.tex) (C:\Program Files\MiKTeX\tex/generic/pgf/math\pgfmathcalc.code.tex
) (C:\Program Files\MiKTeX\tex/generic/pgf/math\pgfmathfloat.code.tex
\c@pgfmathroundto@lastzeros=\count272
))
(C:\Program Files\MiKTeX\tex/generic/pgf/math\pgfint.code.tex)
(C:\Program Files\MiKTeX\tex/generic/pgf/basiclayer\pgfcorepoints.code.tex
File: pgfcorepoints.code.tex 2023-01-15 v3.1.10 (3.1.10)
\pgf@picminx=\dimen156
\pgf@picmaxx=\dimen157
\pgf@picminy=\dimen158
\pgf@picmaxy=\dimen159
\pgf@pathminx=\dimen160
\pgf@pathmaxx=\dimen161
\pgf@pathminy=\dimen162
\pgf@pathmaxy=\dimen163
\pgf@xx=\dimen164
\pgf@xy=\dimen165
\pgf@yx=\dimen166
\pgf@yy=\dimen167
\pgf@zx=\dimen168
\pgf@zy=\dimen169
)
(C:\Program Files\MiKTeX\tex/generic/pgf/basiclayer\pgfcorepathconstruct.code.t
ex
File: pgfcorepathconstruct.code.tex 2023-01-15 v3.1.10 (3.1.10)
\pgf@path@lastx=\dimen170
\pgf@path@lasty=\dimen171
)
(C:\Program Files\MiKTeX\tex/generic/pgf/basiclayer\pgfcorepathusage.code.tex
File: pgfcorepathusage.code.tex 2023-01-15 v3.1.10 (3.1.10)
\pgf@shorten@end@additional=\dimen172
\pgf@shorten@start@additional=\dimen173
)
(C:\Program Files\MiKTeX\tex/generic/pgf/basiclayer\pgfcorescopes.code.tex
File: pgfcorescopes.code.tex 2023-01-15 v3.1.10 (3.1.10)
\pgfpic=\box53
\pgf@hbox=\box54
\pgf@layerbox@main=\box55
\pgf@picture@serial@count=\count273
)
(C:\Program Files\MiKTeX\tex/generic/pgf/basiclayer\pgfcoregraphicstate.code.te
x
File: pgfcoregraphicstate.code.tex 2023-01-15 v3.1.10 (3.1.10)
\pgflinewidth=\dimen174
)
(C:\Program Files\MiKTeX\tex/generic/pgf/basiclayer\pgfcoretransformations.code
.tex
File: pgfcoretransformations.code.tex 2023-01-15 v3.1.10 (3.1.10)
\pgf@pt@x=\dimen175
\pgf@pt@y=\dimen176
\pgf@pt@temp=\dimen177
) (C:\Program Files\MiKTeX\tex/generic/pgf/basiclayer\pgfcorequick.code.tex
File: pgfcorequick.code.tex 2023-01-15 v3.1.10 (3.1.10)
) (C:\Program Files\MiKTeX\tex/generic/pgf/basiclayer\pgfcoreobjects.code.tex
File: pgfcoreobjects.code.tex 2023-01-15 v3.1.10 (3.1.10)
)
(C:\Program Files\MiKTeX\tex/generic/pgf/basiclayer\pgfcorepathprocessing.code.
tex
File: pgfcorepathprocessing.code.tex 2023-01-15 v3.1.10 (3.1.10)
) (C:\Program Files\MiKTeX\tex/generic/pgf/basiclayer\pgfcorearrows.code.tex
File: pgfcorearrows.code.tex 2023-01-15 v3.1.10 (3.1.10)
\pgfarrowsep=\dimen178
) (C:\Program Files\MiKTeX\tex/generic/pgf/basiclayer\pgfcoreshade.code.tex
File: pgfcoreshade.code.tex 2023-01-15 v3.1.10 (3.1.10)
\pgf@max=\dimen179
\pgf@sys@shading@range@num=\count274
\pgf@shadingcount=\count275
)
(C:\Program Files\MiKTeX\tex/generic/pgf/basiclayer\pgfcoreimage.code.tex
File: pgfcoreimage.code.tex 2023-01-15 v3.1.10 (3.1.10)
)
(C:\Program Files\MiKTeX\tex/generic/pgf/basiclayer\pgfcoreexternal.code.tex
File: pgfcoreexternal.code.tex 2023-01-15 v3.1.10 (3.1.10)
\pgfexternal@startupbox=\box56
)
(C:\Program Files\MiKTeX\tex/generic/pgf/basiclayer\pgfcorelayers.code.tex
File: pgfcorelayers.code.tex 2023-01-15 v3.1.10 (3.1.10)
)
(C:\Program Files\MiKTeX\tex/generic/pgf/basiclayer\pgfcoretransparency.code.te
x
File: pgfcoretransparency.code.tex 2023-01-15 v3.1.10 (3.1.10)
) (C:\Program Files\MiKTeX\tex/generic/pgf/basiclayer\pgfcorepatterns.code.tex
File: pgfcorepatterns.code.tex 2023-01-15 v3.1.10 (3.1.10)
) (C:\Program Files\MiKTeX\tex/generic/pgf/basiclayer\pgfcorerdf.code.tex
File: pgfcorerdf.code.tex 2023-01-15 v3.1.10 (3.1.10)
)))
(C:\Program Files\MiKTeX\tex/generic/pgf/modules\pgfmoduleshapes.code.tex
File: pgfmoduleshapes.code.tex 2023-01-15 v3.1.10 (3.1.10)
\pgfnodeparttextbox=\box57
)
(C:\Program Files\MiKTeX\tex/generic/pgf/modules\pgfmoduleplot.code.tex
File: pgfmoduleplot.code.tex 2023-01-15 v3.1.10 (3.1.10)
)
(C:\Program Files\MiKTeX\tex/latex/pgf/compatibility\pgfcomp-version-0-65.sty
Package: pgfcomp-version-0-65 2023-01-15 v3.1.10 (3.1.10)
\pgf@nodesepstart=\dimen180
\pgf@nodesepend=\dimen181
)
(C:\Program Files\MiKTeX\tex/latex/pgf/compatibility\pgfcomp-version-1-18.sty
Package: pgfcomp-version-1-18 2023-01-15 v3.1.10 (3.1.10)
)) (C:\Program Files\MiKTeX\tex/latex/pgf/utilities\pgffor.sty
(C:\Program Files\MiKTeX\tex/latex/pgf/utilities\pgfkeys.sty
(C:\Program Files\MiKTeX\tex/generic/pgf/utilities\pgfkeys.code.tex))
(C:\Program Files\MiKTeX\tex/latex/pgf/math\pgfmath.sty
(C:\Program Files\MiKTeX\tex/generic/pgf/math\pgfmath.code.tex))
(C:\Program Files\MiKTeX\tex/generic/pgf/utilities\pgffor.code.tex
Package: pgffor 2023-01-15 v3.1.10 (3.1.10)
\pgffor@iter=\dimen182
\pgffor@skip=\dimen183
\pgffor@stack=\toks29
\pgffor@toks=\toks30
))
(C:\Program Files\MiKTeX\tex/generic/pgf/frontendlayer/tikz\tikz.code.tex
Package: tikz 2023-01-15 v3.1.10 (3.1.10)

(C:\Program Files\MiKTeX\tex/generic/pgf/libraries\pgflibraryplothandlers.code.
tex
File: pgflibraryplothandlers.code.tex 2023-01-15 v3.1.10 (3.1.10)
\pgf@plot@mark@count=\count276
\pgfplotmarksize=\dimen184
)
\tikz@lastx=\dimen185
\tikz@lasty=\dimen186
\tikz@lastxsaved=\dimen187
\tikz@lastysaved=\dimen188
\tikz@lastmovetox=\dimen189
\tikz@lastmovetoy=\dimen190
\tikzleveldistance=\dimen191
\tikzsiblingdistance=\dimen192
\tikz@figbox=\box58
\tikz@figbox@bg=\box59
\tikz@tempbox=\box60
\tikz@tempbox@bg=\box61
\tikztreelevel=\count277
\tikznumberofchildren=\count278
\tikznumberofcurrentchild=\count279
\tikz@fig@count=\count280
 (C:\Program Files\MiKTeX\tex/generic/pgf/modules\pgfmodulematrix.code.tex
File: pgfmodulematrix.code.tex 2023-01-15 v3.1.10 (3.1.10)
\pgfmatrixcurrentrow=\count281
\pgfmatrixcurrentcolumn=\count282
\pgf@matrix@numberofcolumns=\count283
)
\tikz@expandcount=\count284

(C:\Program Files\MiKTeX\tex/generic/pgf/frontendlayer/tikz/libraries\tikzlibra
rytopaths.code.tex
File: tikzlibrarytopaths.code.tex 2023-01-15 v3.1.10 (3.1.10)
)))
\sa@box=\box62
)
(C:\Users\jonas.vandewalle\AppData\Roaming\MiKTeX\tex/latex/tkz-euclide\tkz-euc
lide.sty
2024/04/19 5.10c tkz-euclide.sty
Package: tkz-euclide  2024/04/19 5.10c for pure Euclidean Geometry 

(C:\Program Files\MiKTeX\tex/generic/pgf/frontendlayer/tikz/libraries\tikzlibra
ryangles.code.tex
File: tikzlibraryangles.code.tex 2023-01-15 v3.1.10 (3.1.10)
)
(C:\Program Files\MiKTeX\tex/generic/pgf/frontendlayer/tikz/libraries\tikzlibra
ryarrows.code.tex
File: tikzlibraryarrows.code.tex 2023-01-15 v3.1.10 (3.1.10)

(C:\Program Files\MiKTeX\tex/generic/pgf/libraries\pgflibraryarrows.code.tex
File: pgflibraryarrows.code.tex 2023-01-15 v3.1.10 (3.1.10)
\arrowsize=\dimen193
))
(C:\Program Files\MiKTeX\tex/generic/pgf/libraries\pgflibraryarrows.meta.code.t
ex
File: pgflibraryarrows.meta.code.tex 2023-01-15 v3.1.10 (3.1.10)
\pgfarrowinset=\dimen194
\pgfarrowlength=\dimen195
\pgfarrowwidth=\dimen196
\pgfarrowlinewidth=\dimen197
)
(C:\Program Files\MiKTeX\tex/generic/pgf/frontendlayer/tikz/libraries\tikzlibra
rybackgrounds.code.tex
File: tikzlibrarybackgrounds.code.tex 2023-01-15 v3.1.10 (3.1.10)
\pgf@layerbox@background=\box63
\pgf@layerboxsaved@background=\box64
)
(C:\Program Files\MiKTeX\tex/generic/pgf/frontendlayer/tikz/libraries\tikzlibra
rycalc.code.tex
File: tikzlibrarycalc.code.tex 2023-01-15 v3.1.10 (3.1.10)
)
(C:\Program Files\MiKTeX\tex/generic/pgf/frontendlayer/tikz/libraries\tikzlibra
rydecorations.code.tex
(C:\Program Files\MiKTeX\tex/generic/pgf/modules\pgfmoduledecorations.code.tex
\pgfdecoratedcompleteddistance=\dimen198
\pgfdecoratedremainingdistance=\dimen199
\pgfdecoratedinputsegmentcompleteddistance=\dimen256
\pgfdecoratedinputsegmentremainingdistance=\dimen257
\pgf@decorate@distancetomove=\dimen258
\pgf@decorate@repeatstate=\count285
\pgfdecorationsegmentamplitude=\dimen259
\pgfdecorationsegmentlength=\dimen260
)
\tikz@lib@dec@box=\box65
)
(C:\Program Files\MiKTeX\tex/generic/pgf/frontendlayer/tikz/libraries\tikzlibra
rydecorations.markings.code.tex
(C:\Program Files\MiKTeX\tex/generic/pgf/libraries/decorations\pgflibrarydecora
tions.markings.code.tex))
(C:\Program Files\MiKTeX\tex/generic/pgf/frontendlayer/tikz/libraries\tikzlibra
rydecorations.pathreplacing.code.tex
(C:\Program Files\MiKTeX\tex/generic/pgf/libraries/decorations\pgflibrarydecora
tions.pathreplacing.code.tex))
(C:\Program Files\MiKTeX\tex/generic/pgf/frontendlayer/tikz/libraries\tikzlibra
rydecorations.shapes.code.tex
(C:\Program Files\MiKTeX\tex/generic/pgf/libraries/decorations\pgflibrarydecora
tions.shapes.code.tex))
(C:\Program Files\MiKTeX\tex/generic/pgf/frontendlayer/tikz/libraries\tikzlibra
rydecorations.text.code.tex
(C:\Program Files\MiKTeX\tex/generic/pgf/libraries/decorations\pgflibrarydecora
tions.text.code.tex
\pgf@lib@dec@text@box=\box66
)
\tikz@lib@dec@te@box=\box67
)
(C:\Program Files\MiKTeX\tex/generic/pgf/frontendlayer/tikz/libraries\tikzlibra
rydecorations.pathmorphing.code.tex
(C:\Program Files\MiKTeX\tex/generic/pgf/libraries/decorations\pgflibrarydecora
tions.pathmorphing.code.tex))
(C:\Program Files\MiKTeX\tex/generic/pgf/frontendlayer/tikz/libraries\tikzlibra
ryintersections.code.tex
(C:\Program Files\MiKTeX\tex/generic/pgf/libraries\pgflibraryintersections.code
.tex (C:\Program Files\MiKTeX\tex/generic/pgf/libraries\pgflibraryfpu.code.tex)
\pgf@intersect@solutions=\count286
))
(C:\Program Files\MiKTeX\tex/generic/pgf/frontendlayer/tikz/libraries\tikzlibra
rymath.code.tex
(C:\Program Files\MiKTeX\tex/generic/pgf/frontendlayer/tikz/libraries\tikzlibra
ryfpu.code.tex)
\tikz@math@for@depth=\count287
\tikz@math@dimen=\dimen261
\tikz@math@toks=\toks31
)
(C:\Program Files\MiKTeX\tex/generic/pgf/frontendlayer/tikz/libraries\tikzlibra
ryplotmarks.code.tex
File: tikzlibraryplotmarks.code.tex 2023-01-15 v3.1.10 (3.1.10)

(C:\Program Files\MiKTeX\tex/generic/pgf/libraries\pgflibraryplotmarks.code.tex
File: pgflibraryplotmarks.code.tex 2023-01-15 v3.1.10 (3.1.10)
))
(C:\Program Files\MiKTeX\tex/generic/pgf/frontendlayer/tikz/libraries\tikzlibra
rypositioning.code.tex
File: tikzlibrarypositioning.code.tex 2023-01-15 v3.1.10 (3.1.10)
)
(C:\Program Files\MiKTeX\tex/generic/pgf/frontendlayer/tikz/libraries\tikzlibra
ryquotes.code.tex
File: tikzlibraryquotes.code.tex 2023-01-15 v3.1.10 (3.1.10)
)
(C:\Program Files\MiKTeX\tex/generic/pgf/frontendlayer/tikz/libraries\tikzlibra
ryshapes.misc.code.tex
File: tikzlibraryshapes.misc.code.tex 2023-01-15 v3.1.10 (3.1.10)

(C:\Program Files\MiKTeX\tex/generic/pgf/libraries/shapes\pgflibraryshapes.misc
.code.tex
File: pgflibraryshapes.misc.code.tex 2023-01-15 v3.1.10 (3.1.10)
))
(C:\Program Files\MiKTeX\tex/generic/pgf/frontendlayer/tikz/libraries\tikzlibra
rythrough.code.tex
File: tikzlibrarythrough.code.tex 2023-01-15 v3.1.10 (3.1.10)
) (C:\Program Files\MiKTeX\tex/latex/l3packages/xfp\xfp.sty
(C:\Program Files\MiKTeX\tex/latex/l3kernel\expl3.sty
Package: expl3 2024-01-04 L3 programming layer (loader) 

(C:\Program Files\MiKTeX\tex/latex/l3backend\l3backend-pdftex.def
File: l3backend-pdftex.def 2024-01-04 L3 backend support: PDF output (pdfTeX)
\l__color_backend_stack_int=\count288
\l__pdf_internal_box=\box68
))
Package: xfp 2023-10-10 L3 Floating point unit
)
(C:\Users\jonas.vandewalle\AppData\Roaming\MiKTeX\tex/latex/xpatch\xpatch.sty
Package: xpatch 2020/03/25 v0.3a Extending etoolbox patching commands

(C:\Program Files\MiKTeX\tex/latex/l3packages/xparse\xparse.sty
Package: xparse 2023-10-10 L3 Experimental document command parser
)
(C:\Program Files\MiKTeX\tex/latex/etoolbox\etoolbox.sty
Package: etoolbox 2020/10/05 v2.5k e-TeX tools for LaTeX (JAW)
\etb@tempcnta=\count289
))
\tkzRadius=\dimen262
\tkzLength=\dimen263
\tkz@radi=\dimen264
\tkz@ax=\dimen265
\tkz@ay=\dimen266
\tkz@bx=\dimen267
\tkz@by=\dimen268
\tkz@cx=\dimen269
\tkz@cy=\dimen270
\tkz@dx=\dimen271
\tkz@dy=\dimen272
\tkz@cntmk=\count290

Local configuration file tkz-euclide.cfg found and used

(C:\Users\jonas.vandewalle\AppData\Roaming\MiKTeX\tex/latex/tkz-euclide\tkz-euc
lide.cfg
2024/04/19 5.10c tkz-euclide.cfg
)
(C:\Users\jonas.vandewalle\AppData\Roaming\MiKTeX\tex/latex/tkz-euclide/tools\t
kz-tools-eu-base.tex
2024/04/19 5.10c tkz-tools-eu-base.tex
)
(C:\Users\jonas.vandewalle\AppData\Roaming\MiKTeX\tex/latex/tkz-euclide/tools\t
kz-tools-eu-utilities.tex
2024/04/19 5.10c tkz-tools-eu-utilities.tex
)
(C:\Users\jonas.vandewalle\AppData\Roaming\MiKTeX\tex/latex/tkz-euclide/tools\t
kz-tools-eu-BB.tex
2024/04/19 5.10c tkz-obj-eu-BB.tex
)
(C:\Users\jonas.vandewalle\AppData\Roaming\MiKTeX\tex/latex/tkz-euclide/obj\tkz
-obj-eu-grids.tex
2024/04/19 5.10c tkz-obj-eu-grids.tex
)
(C:\Users\jonas.vandewalle\AppData\Roaming\MiKTeX\tex/latex/tkz-euclide/libs\tk
z-lib-eu-marks.tex
2024/04/19 5.10c tkz-lib-eu-marks.tex
)
(C:\Users\jonas.vandewalle\AppData\Roaming\MiKTeX\tex/latex/tkz-euclide/tools\t
kz-tools-eu-text.tex
2024/04/19 5.10c tkz-tools-eu-text.tex
)
(C:\Users\jonas.vandewalle\AppData\Roaming\MiKTeX\tex/latex/tkz-euclide/libs\tk
z-lib-eu-shape.tex
2024/04/19 5.10c tkz-lib-eu-shape.tex
)
(C:\Users\jonas.vandewalle\AppData\Roaming\MiKTeX\tex/latex/tkz-euclide/obj\tkz
-obj-eu-axesmin.tex
2024/04/19 5.10c tkz-obj-eu-axesmin
)
(C:\Users\jonas.vandewalle\AppData\Roaming\MiKTeX\tex/latex/tkz-euclide/tools\t
kz-tools-eu-colors.tex
2024/04/19 5.10c tkz-tools-eu-colors
)
(C:\Users\jonas.vandewalle\AppData\Roaming\MiKTeX\tex/latex/tkz-euclide/obj\tkz
-obj-eu-points.tex
2024/04/19 5.10c tkz-obj-eu-points.tex
)
(C:\Users\jonas.vandewalle\AppData\Roaming\MiKTeX\tex/latex/tkz-euclide/drawing
s\tkz-draw-eu-points.tex
2024/04/19 5.10c tkz-draw-eu-points.tex
)
(C:\Users\jonas.vandewalle\AppData\Roaming\MiKTeX\tex/latex/tkz-euclide/obj\tkz
-obj-eu-points.tex
2024/04/19 5.10c tkz-obj-eu-points.tex
)
(C:\Users\jonas.vandewalle\AppData\Roaming\MiKTeX\tex/latex/tkz-euclide/obj\tkz
-obj-eu-points-by.tex
2024/04/19 5.10c tkz-tools-eu-points-by.tex
)
(C:\Users\jonas.vandewalle\AppData\Roaming\MiKTeX\tex/latex/tkz-euclide/tools\t
kz-tools-eu-math.tex
2024/04/19 5.10c tkz-tools-eu-math.tex
)
(C:\Users\jonas.vandewalle\AppData\Roaming\MiKTeX\tex/latex/tkz-euclide/tools\t
kz-tools-eu-intersections.tex
2024/04/19 5.10c tkz-tools-eu-intersections.tex
)
(C:\Users\jonas.vandewalle\AppData\Roaming\MiKTeX\tex/latex/tkz-euclide/obj\tkz
-obj-eu-points-with.tex
2024/04/19 5.10c tkz-obj-eu-points-with.tex
)
(C:\Users\jonas.vandewalle\AppData\Roaming\MiKTeX\tex/latex/tkz-euclide/obj\tkz
-obj-eu-points-spc.tex
2024/04/19 5.10c tkz-obj-el-points.tex
)
(C:\Users\jonas.vandewalle\AppData\Roaming\MiKTeX\tex/latex/tkz-euclide/tools\t
kz-tools-eu-angles.tex
2024/04/19 5.10c tkz-tools-eu-angles.tex
)
(C:\Users\jonas.vandewalle\AppData\Roaming\MiKTeX\tex/latex/tkz-euclide/obj\tkz
-obj-eu-circles.tex
2024/04/19 5.10c tkz-obj-eu-circles.tex
)
(C:\Users\jonas.vandewalle\AppData\Roaming\MiKTeX\tex/latex/tkz-euclide/obj\tkz
-obj-eu-circles-by.tex
2024/04/19 5.10c tkz-obj-eu-circles.tex
)
(C:\Users\jonas.vandewalle\AppData\Roaming\MiKTeX\tex/latex/tkz-euclide/obj\tkz
-obj-eu-points-rnd.tex
2024/04/19 5.10c tkz-obj-eu-points-rnd.tex
)
(C:\Users\jonas.vandewalle\AppData\Roaming\MiKTeX\tex/latex/tkz-euclide/obj\tkz
-obj-eu-lines.tex
2024/04/19 5.10c tkz-obj-eu-lines.tex
)
(C:\Users\jonas.vandewalle\AppData\Roaming\MiKTeX\tex/latex/tkz-euclide/obj\tkz
-obj-eu-polygons.tex
2024/04/19 5.10c tkz-obj-eu-polygons.tex
)
(C:\Users\jonas.vandewalle\AppData\Roaming\MiKTeX\tex/latex/tkz-euclide/obj\tkz
-obj-eu-triangles.tex
2024/04/19 5.10c tkz-obj-eu-triangles.tex
)
(C:\Users\jonas.vandewalle\AppData\Roaming\MiKTeX\tex/latex/tkz-euclide/drawing
s\tkz-draw-eu-lines.tex
2024/04/19 5.10c tkz-obj-eu-draw-lines.tex
)
(C:\Users\jonas.vandewalle\AppData\Roaming\MiKTeX\tex/latex/tkz-euclide/drawing
s\tkz-draw-eu-circles.tex
2024/04/19 5.10c tkz-obj-eu-draw-circles.tex
)
(C:\Users\jonas.vandewalle\AppData\Roaming\MiKTeX\tex/latex/tkz-euclide/drawing
s\tkz-draw-eu-ellipses.tex
2024/04/19 5.10c tkz-obj-eu-draw-ellipses.tex
)
(C:\Users\jonas.vandewalle\AppData\Roaming\MiKTeX\tex/latex/tkz-euclide/drawing
s\tkz-draw-eu-polygons.tex
2024/04/19 5.10c tkz-obj-eu-polygons.tex
)
(C:\Users\jonas.vandewalle\AppData\Roaming\MiKTeX\tex/latex/tkz-euclide/drawing
s\tkz-draw-eu-arcs.tex
2024/04/19 5.10c tkz-tool-eu-arcs.tex
)
(C:\Users\jonas.vandewalle\AppData\Roaming\MiKTeX\tex/latex/tkz-euclide/drawing
s\tkz-draw-eu-angles.tex
2024/04/19 5.10c tkz-tool-eu-angles.tex
)
(C:\Users\jonas.vandewalle\AppData\Roaming\MiKTeX\tex/latex/tkz-euclide/drawing
s\tkz-draw-eu-sectors.tex
2024/04/19 5.10c tkz-obj-eu-sectors.tex
)
(C:\Users\jonas.vandewalle\AppData\Roaming\MiKTeX\tex/latex/tkz-euclide/drawing
s\tkz-draw-eu-compass.tex
2024/04/19 5.10c tkz-obj-eu-compass.tex
)
(C:\Users\jonas.vandewalle\AppData\Roaming\MiKTeX\tex/latex/tkz-euclide/drawing
s\tkz-draw-eu-show.tex
2024/04/19 5.10c tkz-obj-eu-show.tex
)
(C:\Users\jonas.vandewalle\AppData\Roaming\MiKTeX\tex/latex/tkz-euclide/drawing
s\tkz-draw-eu-protractor.tex
2024/04/19 5.10c tkz-obj-eu-protractor.tex
)) (C:\Program Files\MiKTeX\tex/latex/amsmath\amsmath.sty
Package: amsmath 2023/05/13 v2.17o AMS math features
\@mathmargin=\skip50

For additional information on amsmath, use the `?' option.
(C:\Program Files\MiKTeX\tex/latex/amsmath\amstext.sty
Package: amstext 2021/08/26 v2.01 AMS text

(C:\Program Files\MiKTeX\tex/latex/amsmath\amsgen.sty
File: amsgen.sty 1999/11/30 v2.0 generic functions
\@emptytoks=\toks32
\ex@=\dimen273
))
(C:\Program Files\MiKTeX\tex/latex/amsmath\amsbsy.sty
Package: amsbsy 1999/11/29 v1.2d Bold Symbols
\pmbraise@=\dimen274
)
(C:\Program Files\MiKTeX\tex/latex/amsmath\amsopn.sty
Package: amsopn 2022/04/08 v2.04 operator names
)
\inf@bad=\count291
LaTeX Info: Redefining \frac on input line 234.
\uproot@=\count292
\leftroot@=\count293
LaTeX Info: Redefining \overline on input line 399.
LaTeX Info: Redefining \colon on input line 410.
\classnum@=\count294
\DOTSCASE@=\count295
LaTeX Info: Redefining \ldots on input line 496.
LaTeX Info: Redefining \dots on input line 499.
LaTeX Info: Redefining \cdots on input line 620.
\Mathstrutbox@=\box69
\strutbox@=\box70
LaTeX Info: Redefining \big on input line 722.
LaTeX Info: Redefining \Big on input line 723.
LaTeX Info: Redefining \bigg on input line 724.
LaTeX Info: Redefining \Bigg on input line 725.
\big@size=\dimen275
LaTeX Font Info:    Redeclaring font encoding OML on input line 743.
LaTeX Font Info:    Redeclaring font encoding OMS on input line 744.
\macc@depth=\count296
LaTeX Info: Redefining \bmod on input line 905.
LaTeX Info: Redefining \pmod on input line 910.
LaTeX Info: Redefining \smash on input line 940.
LaTeX Info: Redefining \relbar on input line 970.
LaTeX Info: Redefining \Relbar on input line 971.
\c@MaxMatrixCols=\count297
\dotsspace@=\muskip16
\c@parentequation=\count298
\dspbrk@lvl=\count299
\tag@help=\toks33
\row@=\count300
\column@=\count301
\maxfields@=\count302
\andhelp@=\toks34
\eqnshift@=\dimen276
\alignsep@=\dimen277
\tagshift@=\dimen278
\tagwidth@=\dimen279
\totwidth@=\dimen280
\lineht@=\dimen281
\@envbody=\toks35
\multlinegap=\skip51
\multlinetaggap=\skip52
\mathdisplay@stack=\toks36
LaTeX Info: Redefining \[ on input line 2953.
LaTeX Info: Redefining \] on input line 2954.
)
No file P5_project2_E-ras.aux.
\openout1 = `P5_project2_E-ras.aux'.

LaTeX Font Info:    Checking defaults for OML/cmm/m/it on input line 5.
LaTeX Font Info:    ... okay on input line 5.
LaTeX Font Info:    Checking defaults for OMS/cmsy/m/n on input line 5.
LaTeX Font Info:    ... okay on input line 5.
LaTeX Font Info:    Checking defaults for OT1/cmr/m/n on input line 5.
LaTeX Font Info:    ... okay on input line 5.
LaTeX Font Info:    Checking defaults for T1/cmr/m/n on input line 5.
LaTeX Font Info:    ... okay on input line 5.
LaTeX Font Info:    Checking defaults for TS1/cmr/m/n on input line 5.
LaTeX Font Info:    ... okay on input line 5.
LaTeX Font Info:    Checking defaults for OMX/cmex/m/n on input line 5.
LaTeX Font Info:    ... okay on input line 5.
LaTeX Font Info:    Checking defaults for U/cmr/m/n on input line 5.
LaTeX Font Info:    ... okay on input line 5.
(C:\Program Files\MiKTeX\tex/context/base/mkii\supp-pdf.mkii
[Loading MPS to PDF converter (version 2006.09.02).]
\scratchcounter=\count303
\scratchdimen=\dimen282
\scratchbox=\box71
\nofMPsegments=\count304
\nofMParguments=\count305
\everyMPshowfont=\toks37
\MPscratchCnt=\count306
\MPscratchDim=\dimen283
\MPnumerator=\count307
\makeMPintoPDFobject=\count308
\everyMPtoPDFconversion=\toks38
) (C:\Program Files\MiKTeX\tex/latex/epstopdf-pkg\epstopdf-base.sty
Package: epstopdf-base 2020-01-24 v2.11 Base part for package epstopdf

(C:\Users\jonas.vandewalle\AppData\Roaming\MiKTeX\tex/generic/infwarerr\infware
rr.sty
Package: infwarerr 2019/12/03 v1.5 Providing info/warning/error messages (HO)
)
(C:\Users\jonas.vandewalle\AppData\Roaming\MiKTeX\tex/latex/grfext\grfext.sty
Package: grfext 2019/12/03 v1.3 Manage graphics extensions (HO)

(C:\Users\jonas.vandewalle\AppData\Roaming\MiKTeX\tex/generic/kvdefinekeys\kvde
finekeys.sty
Package: kvdefinekeys 2019-12-19 v1.6 Define keys (HO)
))

! LaTeX Error: File `kvoptions.sty' not found.

Type X to quit or <RETURN> to proceed,
or enter new name. (Default extension: sty)

Enter file name: X

! Emergency stop.
<read *> 
         
l.180   \RequirePackage{kvoptions}[2007/10/02]
                                              
*** (cannot \read from terminal in nonstop modes)

 
Here is how much of TeX's memory you used:
 18708 strings out of 474486
 416774 string characters out of 5753537
 1924542 words of memory out of 5000000
 40563 multiletter control sequences out of 15000+600000
 558069 words of font info for 36 fonts, out of 8000000 for 9000
 1141 hyphenation exceptions out of 8191
 117i,0n,121p,1310b,90s stack positions out of 10000i,1000n,20000p,200000b,200000s
!  ==> Fatal error occurred, no output PDF file produced!
